2026-04-17 06:41:13,524 [INFO] Starting IMAP scan folder=INBOX host=imap.gmail.com since_days=3 limit=10 unseen_only=False dry_run=False
2026-04-17 06:41:19,170 [INFO] Loaded candidate sent events: 1
2026-04-17 06:41:24,017 [INFO] Skipped unrelated inbox mail uid='47438' from=moinaxjpc3n0yxiudgvjaa==@naukri.com subject='✉️ Job | Fullstack Engineer in Gurugram, Delhi / NCR | Pro Nvite' thread_ids=[]
2026-04-17 06:41:25,953 [INFO] Skipped unrelated inbox mail uid='47439' from=talent@uplers.network subject='Subrat singh, your React, Python, Django skills match a role at The\r\n Agency Art House' thread_ids=[]
2026-04-17 06:41:27,441 [INFO] Skipped unrelated inbox mail uid='47440' from=eacareers@ea.com subject='An update on your application with Electronic Arts - Software Engineer I (213634)' thread_ids=[]
2026-04-17 06:41:29,199 [INFO] Skipped unrelated inbox mail uid='47441' from=team@mail.perplexity.ai subject='The fastest way to a trusted answer' thread_ids=[]
2026-04-17 06:41:31,559 [INFO] Skipped unrelated inbox mail uid='47442' from=info@pnm.nobroker.in subject='Subrat, Your move, handled end-to-end' thread_ids=[]
2026-04-17 06:41:34,996 [INFO] Skipped unrelated inbox mail uid='47443' from=jobalerts-noreply@linkedin.com subject='“Software Engineer”: Newmi Care - Python Developer and more' thread_ids=[]
2026-04-17 06:41:36,824 [INFO] Skipped unrelated inbox mail uid='47444' from=thebatch@deeplearning.ai subject='Meta Pivots From Open Weights, Big Pharma Bets On AI, Regulatory\r\n Patchwork, Simulating Human Cohorts' thread_ids=[]
2026-04-17 06:41:38,414 [INFO] Processing related mail uid='47445' from=subrat@inspektlabs.com subject='Re: Application for Fullstack at test (Job ID: Test-01)' bounce=False thread_ids=['<177640777834.62389.8401003028219452465@gmail.com>']
2026-04-17 06:41:38,439 [INFO] Recorded reply events=1 for uid='47445'
2026-04-17 06:41:41,078 [INFO] Skipped unrelated inbox mail uid='47446' from=info@hirist.tech subject='10+ Matching Jobs  based on your preferences from Leading Companies' thread_ids=[]
2026-04-17 06:41:46,437 [INFO] Skipped unrelated inbox mail uid='47447' from=recruiting@jobalerts.blueyonder.com subject='Congratulations! You are invited to our screening process' thread_ids=[]
2026-04-17 06:41:48,153 [INFO] Done. processed=1 matched=1 updated=1 recomputed=1 dry_run=False
2026-04-17 06:42:45,190 [INFO] Starting IMAP scan folder=INBOX host=imap.gmail.com since_days=3 limit=10 unseen_only=False dry_run=False
2026-04-17 06:42:58,417 [INFO] Loaded candidate sent events: 2
2026-04-17 06:43:02,508 [INFO] Skipped unrelated inbox mail uid='47439' from=talent@uplers.network subject='Subrat singh, your React, Python, Django skills match a role at The\r\n Agency Art House' thread_ids=[]
2026-04-17 06:43:06,414 [INFO] Skipped unrelated inbox mail uid='47440' from=eacareers@ea.com subject='An update on your application with Electronic Arts - Software Engineer I (213634)' thread_ids=[]
2026-04-17 06:43:09,348 [INFO] Skipped unrelated inbox mail uid='47441' from=team@mail.perplexity.ai subject='The fastest way to a trusted answer' thread_ids=[]
2026-04-17 06:43:10,786 [INFO] Skipped unrelated inbox mail uid='47442' from=info@pnm.nobroker.in subject='Subrat, Your move, handled end-to-end' thread_ids=[]
2026-04-17 06:43:13,226 [INFO] Skipped unrelated inbox mail uid='47443' from=jobalerts-noreply@linkedin.com subject='“Software Engineer”: Newmi Care - Python Developer and more' thread_ids=[]
2026-04-17 06:43:15,080 [INFO] Skipped unrelated inbox mail uid='47444' from=thebatch@deeplearning.ai subject='Meta Pivots From Open Weights, Big Pharma Bets On AI, Regulatory\r\n Patchwork, Simulating Human Cohorts' thread_ids=[]
2026-04-17 06:43:16,617 [INFO] Processing related mail uid='47445' from=subrat@inspektlabs.com subject='Re: Application for Fullstack at test (Job ID: Test-01)' bounce=False thread_ids=['<177640777834.62389.8401003028219452465@gmail.com>']
2026-04-17 06:43:16,633 [WARNING] No tracking row matched reply uid='47445' from=subrat@inspektlabs.com subject='Re: Application for Fullstack at test (Job ID: Test-01)' reason=sender is mailbox owner/sent-mail copy
2026-04-17 06:43:18,359 [INFO] Skipped unrelated inbox mail uid='47446' from=info@hirist.tech subject='10+ Matching Jobs  based on your preferences from Leading Companies' thread_ids=[]
2026-04-17 06:43:19,689 [INFO] Skipped unrelated inbox mail uid='47447' from=recruiting@jobalerts.blueyonder.com subject='Congratulations! You are invited to our screening process' thread_ids=[]
2026-04-17 06:43:20,647 [INFO] Processing related mail uid='47448' from=subrat@inspektlabs.com subject='Re: Application for Fullstack at test (Job ID: Test-01)' bounce=False thread_ids=['<CAL5uSLMF1ZW-7ORUkCdpT0k3A=WKwerAdjV4Jryu5hqsVDtKNw@mail.gmail.com>', '<177640777834.62389.8401003028219452465@gmail.com>', '<CAJQigDzarw6cX85hqBL+hwRUhOBz_SBujyyn=x4WbLEnWUjdZQ@mail.gmail.com>']
2026-04-17 06:43:20,672 [INFO] Recorded reply events=1 for uid='47448'
2026-04-17 06:43:22,015 [INFO] Done. processed=2 matched=1 updated=1 recomputed=1 dry_run=False
2026-04-17 07:01:47,343 [INFO] Starting IMAP scan folder=INBOX host=imap.gmail.com since_days=3 limit=10 unseen_only=False dry_run=False
2026-04-17 07:01:49,829 [INFO] Loaded candidate sent events: 5
2026-04-17 07:01:50,937 [INFO] Skipped unrelated inbox mail uid='47439' from=talent@uplers.network subject='Subrat singh, your React, Python, Django skills match a role at The\r\n Agency Art House' thread_ids=[]
2026-04-17 07:01:51,899 [INFO] Skipped unrelated inbox mail uid='47440' from=eacareers@ea.com subject='An update on your application with Electronic Arts - Software Engineer I (213634)' thread_ids=[]
2026-04-17 07:01:52,683 [INFO] Skipped unrelated inbox mail uid='47441' from=team@mail.perplexity.ai subject='The fastest way to a trusted answer' thread_ids=[]
2026-04-17 07:01:53,604 [INFO] Skipped unrelated inbox mail uid='47442' from=info@pnm.nobroker.in subject='Subrat, Your move, handled end-to-end' thread_ids=[]
2026-04-17 07:01:54,737 [INFO] Skipped unrelated inbox mail uid='47443' from=jobalerts-noreply@linkedin.com subject='“Software Engineer”: Newmi Care - Python Developer and more' thread_ids=[]
2026-04-17 07:01:55,663 [INFO] Skipped unrelated inbox mail uid='47444' from=thebatch@deeplearning.ai subject='Meta Pivots From Open Weights, Big Pharma Bets On AI, Regulatory\r\n Patchwork, Simulating Human Cohorts' thread_ids=[]
2026-04-17 07:01:56,573 [INFO] Processing related mail uid='47445' from=subrat@inspektlabs.com subject='Re: Application for Fullstack at test (Job ID: Test-01)' bounce=False thread_ids=['<177640777834.62389.8401003028219452465@gmail.com>']
2026-04-17 07:01:56,590 [WARNING] No tracking row matched reply uid='47445' from=subrat@inspektlabs.com subject='Re: Application for Fullstack at test (Job ID: Test-01)' reason=sender is mailbox owner/sent-mail copy
2026-04-17 07:01:57,801 [INFO] Skipped unrelated inbox mail uid='47446' from=info@hirist.tech subject='10+ Matching Jobs  based on your preferences from Leading Companies' thread_ids=[]
2026-04-17 07:01:58,622 [INFO] Skipped unrelated inbox mail uid='47447' from=recruiting@jobalerts.blueyonder.com subject='Congratulations! You are invited to our screening process' thread_ids=[]
2026-04-17 07:01:59,440 [INFO] Processing related mail uid='47448' from=subrat@inspektlabs.com subject='Re: Application for Fullstack at test (Job ID: Test-01)' bounce=False thread_ids=['<CAL5uSLMF1ZW-7ORUkCdpT0k3A=WKwerAdjV4Jryu5hqsVDtKNw@mail.gmail.com>', '<177640777834.62389.8401003028219452465@gmail.com>', '<CAJQigDzarw6cX85hqBL+hwRUhOBz_SBujyyn=x4WbLEnWUjdZQ@mail.gmail.com>']
2026-04-17 07:01:59,452 [WARNING] No tracking row matched reply uid='47448' from=subrat@inspektlabs.com subject='Re: Application for Fullstack at test (Job ID: Test-01)' reason=sender is mailbox owner/sent-mail copy
2026-04-17 07:02:00,261 [INFO] Done. processed=2 matched=0 updated=0 recomputed=1 dry_run=False
2026-04-17 07:02:26,307 [INFO] Starting IMAP scan folder=INBOX host=imap.gmail.com since_days=3 limit=10 unseen_only=False dry_run=False
2026-04-17 07:02:28,338 [INFO] Loaded candidate sent events: 5
2026-04-17 07:02:29,162 [INFO] Skipped unrelated inbox mail uid='47440' from=eacareers@ea.com subject='An update on your application with Electronic Arts - Software Engineer I (213634)' thread_ids=[]
2026-04-17 07:02:29,852 [INFO] Skipped unrelated inbox mail uid='47441' from=team@mail.perplexity.ai subject='The fastest way to a trusted answer' thread_ids=[]
2026-04-17 07:02:30,673 [INFO] Skipped unrelated inbox mail uid='47442' from=info@pnm.nobroker.in subject='Subrat, Your move, handled end-to-end' thread_ids=[]
2026-04-17 07:02:31,746 [INFO] Skipped unrelated inbox mail uid='47443' from=jobalerts-noreply@linkedin.com subject='“Software Engineer”: Newmi Care - Python Developer and more' thread_ids=[]
2026-04-17 07:02:32,696 [INFO] Skipped unrelated inbox mail uid='47444' from=thebatch@deeplearning.ai subject='Meta Pivots From Open Weights, Big Pharma Bets On AI, Regulatory\r\n Patchwork, Simulating Human Cohorts' thread_ids=[]
2026-04-17 07:02:33,436 [INFO] Processing related mail uid='47445' from=subrat@inspektlabs.com subject='Re: Application for Fullstack at test (Job ID: Test-01)' bounce=False thread_ids=['<177640777834.62389.8401003028219452465@gmail.com>']
2026-04-17 07:02:33,458 [WARNING] No tracking row matched reply uid='47445' from=subrat@inspektlabs.com subject='Re: Application for Fullstack at test (Job ID: Test-01)' reason=sender is mailbox owner/sent-mail copy
2026-04-17 07:02:34,577 [INFO] Skipped unrelated inbox mail uid='47446' from=info@hirist.tech subject='10+ Matching Jobs  based on your preferences from Leading Companies' thread_ids=[]
2026-04-17 07:02:35,383 [INFO] Skipped unrelated inbox mail uid='47447' from=recruiting@jobalerts.blueyonder.com subject='Congratulations! You are invited to our screening process' thread_ids=[]
2026-04-17 07:02:36,202 [INFO] Processing related mail uid='47448' from=subrat@inspektlabs.com subject='Re: Application for Fullstack at test (Job ID: Test-01)' bounce=False thread_ids=['<CAL5uSLMF1ZW-7ORUkCdpT0k3A=WKwerAdjV4Jryu5hqsVDtKNw@mail.gmail.com>', '<177640777834.62389.8401003028219452465@gmail.com>', '<CAJQigDzarw6cX85hqBL+hwRUhOBz_SBujyyn=x4WbLEnWUjdZQ@mail.gmail.com>']
2026-04-17 07:02:36,215 [WARNING] No tracking row matched reply uid='47448' from=subrat@inspektlabs.com subject='Re: Application for Fullstack at test (Job ID: Test-01)' reason=sender is mailbox owner/sent-mail copy
2026-04-17 07:02:37,443 [INFO] Processing related mail uid='47449' from=subrat@inspektlabs.com subject='Re: Application for Fullstack at test (Job ID: Test-01)' bounce=False thread_ids=['<177640926467.77287.2248244152220735224@gmail.com>', '<177640777834.62389.8401003028219452465@gmail.com>', '<177640904748.75356.16715892286085928883@gmail.com>']
2026-04-17 07:02:37,466 [INFO] Recorded reply events=1 for uid='47449'
2026-04-17 07:02:38,259 [INFO] Done. processed=3 matched=1 updated=1 recomputed=1 dry_run=False
